<?xml version="1.0" encoding="UTF-8"?>
<!-- Generated by org.testng.reporters.JUnitXMLReporter -->
<testsuite hostname="nikhilk" ignored="0" name="Default test(failed)" tests="3" failures="0" timestamp="11 Jun 2018 06:45:11 GMT" time="17.586" errors="0">
  <testcase name="getLoginPageTitle" time="0.028" classname="com.caw.qa.testcases.LoginPageTestcase"/>
  <testcase name="loginAsUser" time="1.062" classname="com.caw.qa.testcases.LoginPageTestcase"/>
  <testcase name="loginAsUser" time="1.078" classname="com.caw.qa.testcases.LoginPageTestcase"/>
</testsuite> <!-- Default test(failed) -->
