<?xml version="1.0" encoding="UTF-8"?>
<testng-results skipped="0" failed="0" ignored="0" total="1" passed="1">
  <reporter-output>
  </reporter-output>
  <suite name="Default suite" duration-ms="12601" started-at="2018-10-24T12:51:20Z" finished-at="2018-10-24T12:51:33Z">
    <groups>
    </groups>
    <test name="Default test" duration-ms="12601" started-at="2018-10-24T12:51:20Z" finished-at="2018-10-24T12:51:33Z">
      <class name="com.caw.qa.testcases.SignUpNewUser">
        <test-method status="PASS" signature="setup()[pri:0, instance:com.caw.qa.testcases.SignUpNewUser@6500df86]" name="setup" is-config="true" duration-ms="7120" started-at="2018-10-24T18:21:20Z" finished-at="2018-10-24T18:21:28Z">
          <reporter-output>
          </reporter-output>
        </test-method> <!-- setup -->
        <test-method status="PASS" signature="signupWithNewUser()[pri:0, instance:com.caw.qa.testcases.SignUpNewUser@6500df86]" name="signupWithNewUser" duration-ms="5433" started-at="2018-10-24T18:21:28Z" finished-at="2018-10-24T18:21:33Z">
          <reporter-output>
          </reporter-output>
        </test-method> <!-- signupWithNewUser -->
      </class> <!-- com.caw.qa.testcases.SignUpNewUser -->
    </test> <!-- Default test -->
  </suite> <!-- Default suite -->
</testng-results>
